#! /c/Source/iverilog-install/bin/vvp
:ivl_version "12.0 (devel)" "(s20150603-1539-g2693dd32b)";
:ivl_delay_selection "TYPICAL";
:vpi_time_precision + 0;
:vpi_module "C:\iverilog\lib\ivl\system.vpi";
:vpi_module "C:\iverilog\lib\ivl\vhdl_sys.vpi";
:vpi_module "C:\iverilog\lib\ivl\vhdl_textio.vpi";
:vpi_module "C:\iverilog\lib\ivl\v2005_math.vpi";
:vpi_module "C:\iverilog\lib\ivl\va_math.vpi";
S_0000020a17e2ac00 .scope module, "muxTestBench" "muxTestBench" 2 20;
 .timescale 0 0;
v0000020a17df26b0_0 .var "a", 0 0;
v0000020a17df2750_0 .var "b", 0 0;
v0000020a17df27f0_0 .net "out", 0 0, v0000020a17df2570_0;  1 drivers
v0000020a17df2890_0 .var "sel", 0 0;
S_0000020a17e2ad90 .scope module, "i" "mux2to1" 2 25, 2 1 0, S_0000020a17e2ac00;
 .timescale 0 0;
    .port_info 0 /INPUT 1 "a";
    .port_info 1 /INPUT 1 "b";
    .port_info 2 /INPUT 1 "sel";
    .port_info 3 /OUTPUT 1 "out";
v0000020a17e2af20_0 .net "a", 0 0, v0000020a17df26b0_0;  1 drivers
v0000020a17df24d0_0 .net "b", 0 0, v0000020a17df2750_0;  1 drivers
v0000020a17df2570_0 .var "out", 0 0;
v0000020a17df2610_0 .net "sel", 0 0, v0000020a17df2890_0;  1 drivers
E_0000020a17e28c90 .event anyedge, v0000020a17df2610_0, v0000020a17df24d0_0, v0000020a17e2af20_0;
    .scope S_0000020a17e2ad90;
T_0 ;
    %wait E_0000020a17e28c90;
    %load/vec4 v0000020a17df2610_0;
    %pad/u 32;
    %cmpi/e 1, 0, 32;
    %jmp/0xz  T_0.0, 4;
    %load/vec4 v0000020a17e2af20_0;
    %store/vec4 v0000020a17df2570_0, 0, 1;
    %jmp T_0.1;
T_0.0 ;
    %load/vec4 v0000020a17df24d0_0;
    %store/vec4 v0000020a17df2570_0, 0, 1;
T_0.1 ;
    %jmp T_0;
    .thread T_0, $push;
    .scope S_0000020a17e2ac00;
T_1 ;
    %pushi/vec4 0, 0, 1;
    %store/vec4 v0000020a17df26b0_0, 0, 1;
    %pushi/vec4 0, 0, 1;
    %store/vec4 v0000020a17df2750_0, 0, 1;
    %pushi/vec4 0, 0, 1;
    %store/vec4 v0000020a17df2890_0, 0, 1;
    %vpi_call 2 29 "$monitor", "Time: %0t, sel: %b, a: %b, b: %b, out: %b", $time, v0000020a17df2890_0, v0000020a17df26b0_0, v0000020a17df2750_0, v0000020a17df27f0_0 {0 0 0};
    %delay 5, 0;
    %pushi/vec4 0, 0, 1;
    %store/vec4 v0000020a17df2890_0, 0, 1;
    %pushi/vec4 0, 0, 1;
    %store/vec4 v0000020a17df26b0_0, 0, 1;
    %pushi/vec4 0, 0, 1;
    %store/vec4 v0000020a17df2750_0, 0, 1;
    %delay 5, 0;
    %pushi/vec4 0, 0, 1;
    %store/vec4 v0000020a17df2890_0, 0, 1;
    %pushi/vec4 0, 0, 1;
    %store/vec4 v0000020a17df26b0_0, 0, 1;
    %pushi/vec4 1, 0, 1;
    %store/vec4 v0000020a17df2750_0, 0, 1;
    %delay 5, 0;
    %pushi/vec4 0, 0, 1;
    %store/vec4 v0000020a17df2890_0, 0, 1;
    %pushi/vec4 1, 0, 1;
    %store/vec4 v0000020a17df26b0_0, 0, 1;
    %pushi/vec4 0, 0, 1;
    %store/vec4 v0000020a17df2750_0, 0, 1;
    %delay 5, 0;
    %pushi/vec4 0, 0, 1;
    %store/vec4 v0000020a17df2890_0, 0, 1;
    %pushi/vec4 1, 0, 1;
    %store/vec4 v0000020a17df26b0_0, 0, 1;
    %pushi/vec4 1, 0, 1;
    %store/vec4 v0000020a17df2750_0, 0, 1;
    %delay 5, 0;
    %pushi/vec4 1, 0, 1;
    %store/vec4 v0000020a17df2890_0, 0, 1;
    %pushi/vec4 0, 0, 1;
    %store/vec4 v0000020a17df26b0_0, 0, 1;
    %pushi/vec4 0, 0, 1;
    %store/vec4 v0000020a17df2750_0, 0, 1;
    %delay 5, 0;
    %pushi/vec4 1, 0, 1;
    %store/vec4 v0000020a17df2890_0, 0, 1;
    %pushi/vec4 0, 0, 1;
    %store/vec4 v0000020a17df26b0_0, 0, 1;
    %pushi/vec4 1, 0, 1;
    %store/vec4 v0000020a17df2750_0, 0, 1;
    %delay 5, 0;
    %pushi/vec4 1, 0, 1;
    %store/vec4 v0000020a17df2890_0, 0, 1;
    %pushi/vec4 1, 0, 1;
    %store/vec4 v0000020a17df26b0_0, 0, 1;
    %pushi/vec4 0, 0, 1;
    %store/vec4 v0000020a17df2750_0, 0, 1;
    %delay 5, 0;
    %pushi/vec4 1, 0, 1;
    %store/vec4 v0000020a17df2890_0, 0, 1;
    %pushi/vec4 1, 0, 1;
    %store/vec4 v0000020a17df26b0_0, 0, 1;
    %pushi/vec4 1, 0, 1;
    %store/vec4 v0000020a17df2750_0, 0, 1;
    %end;
    .thread T_1;
# The file index is used to find the file name in the following table.
:file_names 3;
    "N/A";
    "<interactive>";
    "mux2to1.v";
